2017.3.24 9:6:26...加密锁打开错误,错误码: ,2 
2017.3.24 9:6:26...加密锁打开错误,错误码: ,2 
2017.3.24 9:10:34...加密锁打开错误,错误码: ,2 
2017.3.24 9:10:34...加密锁打开错误,错误码: ,2 
2017.4.17 9:9:32...CPMKernelRockeyManager 软件出现dll文件缺失，请重新安装1!!!,1000 
2017.4.17 9:9:32...加密锁打开错误,错误码: ,2 
2017.4.17 9:9:32...查找加密锁失败! 0,1 
2017.4.17 9:9:32...查找加密锁失败! 0,1 
2017.4.17 9:9:32...查找加密锁失败! 0,1 
2017.4.17 9:11:1...CPMKernelRockeyManager 软件出现dll文件缺失，请重新安装1!!!,1000 
2017.4.17 9:11:1...加密锁打开错误,错误码: ,2 
2017.4.17 9:11:1...查找加密锁失败! 0,1 
2017.4.17 9:11:1...查找加密锁失败! 0,1 
2017.4.17 9:11:1...查找加密锁失败! 0,1 
2017.4.17 9:18:10...
 找到control:完成,类型名为CWnd,1001 
2017.4.17 9:25:1...
 找到control:完成,类型名为CWnd,1001 
2017.4.18 9:6:28...加密锁打开错误,错误码: ,2 
2017.4.18 9:6:28...查找加密锁失败! 0,1 
2017.4.18 9:6:28...查找加密锁失败! 0,1 
2017.4.18 9:6:28...查找加密锁失败! 0,1 
2017.4.18 9:12:0...加密锁打开错误,错误码: ,2 
2017.4.18 9:12:0...查找加密锁失败! 0,1 
2017.4.18 9:12:0...查找加密锁失败! 0,1 
2017.4.18 9:12:0...查找加密锁失败! 0,1 
2017.4.18 9:13:7...加密锁打开错误,错误码: ,2 
2017.4.18 9:13:7...查找加密锁失败! 0,1 
2017.4.18 9:13:7...查找加密锁失败! 0,1 
2017.4.18 9:13:7...查找加密锁失败! 0,1 
2017.4.18 9:15:17...加密锁打开错误,错误码: ,2 
2017.4.18 9:15:17...查找加密锁失败! 0,1 
2017.4.18 9:15:17...查找加密锁失败! 0,1 
2017.4.18 9:15:17...查找加密锁失败! 0,1 
2017.4.18 9:16:20...加密锁打开错误,错误码: ,2 
2017.4.18 9:16:20...查找加密锁失败! 0,1 
2017.4.18 9:16:20...查找加密锁失败! 0,1 
2017.4.18 9:16:20...查找加密锁失败! 0,1 
